<?xml version="1.0" encoding="UTF-8"?>
<!-- Generated by org.testng.reporters.JUnitXMLReporter -->
<testsuite ignored="0" hostname="IN-PG0351TV" failures="0" tests="20" name="Flipkart Test in Chrome" time="102.273" errors="0" timestamp="2024-05-17T19:42:45 IST">
  <testcase classname="tests.FlipkartTestCase" name="signupWithMobileNumber" time="7.881"/>
  <testcase classname="tests.FlipkartTestCase" name="signupWithMobileNumber" time="4.436"/>
  <testcase classname="tests.FlipkartTestCase" name="signupWithMobileNumber" time="4.336"/>
  <testcase classname="tests.FlipkartTestCase" name="signupWithMobileNumber" time="4.045"/>
  <testcase classname="tests.FlipkartTestCase" name="signupWithMobileNumber" time="4.066"/>
  <testcase classname="tests.FlipkartTestCase" name="loginToFlipkart" time="5.994"/>
  <testcase classname="tests.FlipkartTestCase" name="searchProduct" time="0.498"/>
  <testcase classname="tests.FlipkartTestCase" name="addToCart" time="6.187"/>
  <testcase classname="tests.FlipkartTestCase" name="getProductHighlights" time="12.122"/>
  <testcase classname="tests.FlipkartTestCase" name="goToGroceryPage" time="5.164"/>
  <testcase classname="tests.FlipkartTestCase" name="enterPinCodeTest" time="3.985"/>
  <testcase classname="tests.FlipkartTestCase" name="goToGrocerySnacksBeveragesBiscuitsPage" time="3.427"/>
  <testcase classname="tests.FlipkartTestCase" name="testCommunicationPreferencesPage" time="0.89"/>
  <testcase classname="tests.FlipkartTestCase" name="goToCorporateHomeAndSelectSustainability" time="4.066"/>
  <testcase classname="tests.FlipkartTestCase" name="scrollPageToBottom" time="2.477"/>
  <testcase classname="tests.FlipkartTestCase" name="gotoGroupCompanies" time="4.643"/>
  <testcase classname="tests.FlipkartTestCase" name="verifyGiftCardRedemption" time="3.972"/>
  <testcase classname="tests.FlipkartTestCase" name="verifyHighToLow" time="3.599"/>
  <testcase classname="tests.FlipkartTestCase" name="clickOnShareButton" time="3.937"/>
  <testcase classname="tests.FlipkartTestCase" name="clickOnNotificationPreferences" time="1.079"/>
</testsuite> <!-- Flipkart Test in Chrome -->
